<?xml version="1.0" encoding="UTF-8"?>
<!-- Generated by org.testng.reporters.JUnitXMLReporter -->
<testsuite ignored="1" hostname="DESKTOP-0EB98PS" failures="0" tests="1" name="Default test" time="0.652" errors="0" timestamp="12 Aug 2019 20:32:17 GMT">
  <testcase classname="demo.site.test.CamelotDemoTest" name="testParent" time="0.03"/>
  <testcase classname="demo.site.test.CamelotDemoTest" name="siteLogIn" time="0.0">
    <ignored/>
  </testcase> <!-- siteLogIn -->
</testsuite> <!-- Default test -->
