<?xml version="1.0" encoding="UTF-8"?>
<!-- Generated by org.testng.reporters.JUnitXMLReporter -->
<testsuite ignored="1" hostname="DESKTOP-0EB98PS" failures="0" tests="1" name="Default test" time="0.739" errors="0" timestamp="13 Aug 2019 20:16:42 GMT">
  <testcase classname="demo.site.test.CamelotDemoTest2" name="testParent" time="0.038"/>
  <testcase classname="demo.site.test.CamelotDemoTest2" name="siteLogIn" time="0.0">
    <ignored/>
  </testcase> <!-- siteLogIn -->
</testsuite> <!-- Default test -->
