<?xml version="1.0" encoding="UTF-8"?>
<testng-results ignored="1" total="2" passed="1" failed="0" skipped="0">
  <reporter-output>
  </reporter-output>
  <suite started-at="2019-08-13T20:42:10Z" name="Suite" finished-at="2019-08-13T20:42:11Z" duration-ms="661">
    <groups>
    </groups>
    <test started-at="2019-08-13T20:42:10Z" name="Test" finished-at="2019-08-13T20:42:11Z" duration-ms="661">
      <class name="demo.site.test.CamelotDemoTest">
        <test-method is-config="true" signature="testReportSetup()[pri:0, instance:demo.site.test.CamelotDemoTest@7ea37dbf]" started-at="2019-08-13T20:42:10Z" name="testReportSetup" finished-at="2019-08-13T20:42:10Z" duration-ms="328" status="PASS">
          <reporter-output>
          </reporter-output>
        </test-method> <!-- testReportSetup -->
        <test-method signature="testParent()[pri:0, instance:demo.site.test.CamelotDemoTest@7ea37dbf]" started-at="2019-08-13T20:42:10Z" name="testParent" finished-at="2019-08-13T20:42:11Z" duration-ms="38" status="PASS">
          <reporter-output>
          </reporter-output>
        </test-method> <!-- testParent -->
        <test-method is-config="true" signature="flushResults()[pri:0, instance:demo.site.test.CamelotDemoTest@7ea37dbf]" started-at="2019-08-13T20:42:11Z" name="flushResults" finished-at="2019-08-13T20:42:11Z" duration-ms="591" status="PASS">
          <reporter-output>
          </reporter-output>
        </test-method> <!-- flushResults -->
        <test-method is-config="true" signature="driverTierDown()[pri:0, instance:demo.site.test.CamelotDemoTest@7ea37dbf]" started-at="2019-08-13T20:42:11Z" name="driverTierDown" finished-at="2019-08-13T20:42:11Z" duration-ms="0" status="PASS">
          <reporter-output>
          </reporter-output>
        </test-method> <!-- driverTierDown -->
      </class> <!-- demo.site.test.CamelotDemoTest -->
    </test> <!-- Test -->
  </suite> <!-- Suite -->
</testng-results>
