<?xml version="1.0" encoding="UTF-8"?>
<testng-results ignored="0" total="1" passed="1" failed="0" skipped="0">
  <reporter-output>
  </reporter-output>
  <suite started-at="2019-07-21T11:21:24Z" name="Default suite" finished-at="2019-07-21T11:21:35Z" duration-ms="10258">
    <groups>
    </groups>
    <test started-at="2019-07-21T11:21:24Z" name="Default test" finished-at="2019-07-21T11:21:35Z" duration-ms="10258">
      <class name="demo.site.test.CamelotDemoTest">
        <test-method is-config="true" signature="testReportSetup()[pri:0, instance:demo.site.test.CamelotDemoTest@527e5409]" started-at="2019-07-21T11:21:24Z" name="testReportSetup" finished-at="2019-07-21T11:21:24Z" duration-ms="288" status="PASS">
          <reporter-output>
          </reporter-output>
        </test-method> <!-- testReportSetup -->
        <test-method signature="siteLogIn()[pri:0, instance:demo.site.test.CamelotDemoTest@527e5409]" started-at="2019-07-21T11:21:24Z" name="siteLogIn" finished-at="2019-07-21T11:21:33Z" duration-ms="8847" status="PASS">
          <reporter-output>
          </reporter-output>
        </test-method> <!-- siteLogIn -->
        <test-method is-config="true" signature="flushAndQuit()[pri:0, instance:demo.site.test.CamelotDemoTest@527e5409]" started-at="2019-07-21T11:21:33Z" name="flushAndQuit" finished-at="2019-07-21T11:21:35Z" duration-ms="1371" status="PASS">
          <reporter-output>
          </reporter-output>
        </test-method> <!-- flushAndQuit -->
      </class> <!-- demo.site.test.CamelotDemoTest -->
    </test> <!-- Default test -->
  </suite> <!-- Default suite -->
</testng-results>
